生成启动时间为 2014/10/18 18:10:11。
     1>项目“J:\msProjects\VC++动态程序界面设计\MFC.vcxproj”在节点 2 上(build 个目标)。
     1>InitializeBuildStatus:
         正在创建“.\Debug\MFC.unsuccessfulbuild”，因为已指定“AlwaysCreate”。
       ClCompile:
         所有输出均为最新。
         所有输出均为最新。
       ResourceCompile:
         所有输出均为最新。
       ManifestResourceCompile:
         所有输出均为最新。
       Link:
         所有输出均为最新。
       Manifest:
         所有输出均为最新。
         所有输出均为最新。
       FinalizeBuildStatus:
         正在删除文件“.\Debug\MFC.unsuccessfulbuild”。
         正在对“.\Debug\MFC.lastbuildstate”执行 Touch 任务。
     1>已完成生成项目“J:\msProjects\VC++动态程序界面设计\MFC.vcxproj”(build 个目标)的操作。

生成成功。

已用时间 00:00:00.07
